# JRE version: OpenJDK Runtime Environment (8.0_76-b03) (build 1.8.0_76-release-b03)
# Java VM: OpenJDK 64-Bit Server VM (25.76-b03 mixed mode windows-amd64 compressed oops)
Heap:
 PSYoungGen      total 304640K, used 277513K [0x00000000d5a00000, 0x00000000ecd00000, 0x0000000100000000)
  eden space 241664K, 96% used [0x00000000d5a00000,0x00000000e3d62470,0x00000000e4600000)
  from space 62976K, 70% used [0x00000000e8780000,0x00000000eb320348,0x00000000ec500000)
  to   space 67072K, 0% used [0x00000000e4600000,0x00000000e4600000,0x00000000e8780000)
 ParOldGen       total 87552K, used 47169K [0x0000000080e00000, 0x0000000086380000, 0x00000000d5a00000)
  object space 87552K, 53% used [0x0000000080e00000,0x0000000083c105a8,0x0000000086380000)
 Metaspace       used 19441K, capacity 19860K, committed 19968K, reserved 1067008K
  class space    used 2161K, capacity 2293K, committed 2304K, reserved 1048576K
GC Heap History (10 events):
Event: 28.324 GC heap before
{Heap before GC invocations=24 (full 0):
 PSYoungGen      total 139264K, used 138912K [0x00000000d5a00000, 0x00000000e3280000, 0x0000000100000000)
  eden space 110080K, 100% used [0x00000000d5a00000,0x00000000dc580000,0x00000000dc580000)
  from space 29184K, 98% used [0x00000000dc580000,0x00000000de1a8220,0x00000000de200000)
  to   space 33792K, 0% used [0x00000000e1180000,0x00000000e1180000,0x00000000e3280000)
 ParOldGen       total 87552K, used 30880K [0x0000000080e00000, 0x0000000086380000, 0x00000000d5a00000)
  object space 87552K, 35% used [0x0000000080e00000,0x0000000082c282f0,0x0000000086380000)
 Metaspace       used 19400K, capacity 19796K, committed 19968K, reserved 1067008K
  class space    used 2160K, capacity 2293K, committed 2304K, reserved 1048576K
Event: 28.359 GC heap after
Heap after GC invocations=24 (full 0):
 PSYoungGen      total 183808K, used 29280K [0x00000000d5a00000, 0x00000000e3a80000, 0x0000000100000000)
  eden space 150016K, 0% used [0x00000000d5a00000,0x00000000d5a00000,0x00000000dec80000)
  from space 33792K, 86% used [0x00000000e1180000,0x00000000e2e181f0,0x00000000e3280000)
  to   space 37888K, 0% used [0x00000000dec80000,0x00000000dec80000,0x00000000e1180000)
 ParOldGen       total 87552K, used 32076K [0x0000000080e00000, 0x0000000086380000, 0x00000000d5a00000)
  object space 87552K, 36% used [0x0000000080e00000,0x0000000082d53070,0x0000000086380000)
 Metaspace       used 19400K, capacity 19796K, committed 19968K, reserved 1067008K
  class space    used 2160K, capacity 2293K, committed 2304K, reserved 1048576K
}
Event: 29.125 GC heap before
{Heap before GC invocations=25 (full 0):
 PSYoungGen      total 183808K, used 179296K [0x00000000d5a00000, 0x00000000e3a80000, 0x0000000100000000)
  eden space 150016K, 100% used [0x00000000d5a00000,0x00000000dec80000,0x00000000dec80000)
  from space 33792K, 86% used [0x00000000e1180000,0x00000000e2e181f0,0x00000000e3280000)
  to   space 37888K, 0% used [0x00000000dec80000,0x00000000dec80000,0x00000000e1180000)
 ParOldGen       total 87552K, used 32083K [0x0000000080e00000, 0x0000000086380000, 0x00000000d5a00000)
  object space 87552K, 36% used [0x0000000080e00000,0x0000000082d54c58,0x0000000086380000)
 Metaspace       used 19417K, capacity 19860K, committed 19968K, reserved 1067008K
  class space    used 2160K, capacity 2293K, committed 2304K, reserved 1048576K
Event: 29.182 GC heap after
Heap after GC invocations=25 (full 0):
 PSYoungGen      total 187904K, used 37866K [0x00000000d5a00000, 0x00000000e7280000, 0x0000000100000000)
  eden space 150016K, 0% used [0x00000000d5a00000,0x00000000d5a00000,0x00000000dec80000)
  from space 37888K, 99% used [0x00000000dec80000,0x00000000e117a898,0x00000000e1180000)
  to   space 46080K, 0% used [0x00000000e4580000,0x00000000e4580000,0x00000000e7280000)
 ParOldGen       total 87552K, used 37317K [0x0000000080e00000, 0x0000000086380000, 0x00000000d5a00000)
  object space 87552K, 42% used [0x0000000080e00000,0x0000000083271720,0x0000000086380000)
 Metaspace       used 19417K, capacity 19860K, committed 19968K, reserved 1067008K
  class space    used 2160K, capacity 2293K, committed 2304K, reserved 1048576K
}
Event: 30.121 GC heap before
{Heap before GC invocations=26 (full 0):
 PSYoungGen      total 187904K, used 187882K [0x00000000d5a00000, 0x00000000e7280000, 0x0000000100000000)
  eden space 150016K, 100% used [0x00000000d5a00000,0x00000000dec80000,0x00000000dec80000)
  from space 37888K, 99% used [0x00000000dec80000,0x00000000e117a898,0x00000000e1180000)
  to   space 46080K, 0% used [0x00000000e4580000,0x00000000e4580000,0x00000000e7280000)
 ParOldGen       total 87552K, used 37326K [0x0000000080e00000, 0x0000000086380000, 0x00000000d5a00000)
  object space 87552K, 42% used [0x0000000080e00000,0x0000000083273908,0x0000000086380000)
 Metaspace       used 19423K, capacity 19860K, committed 19968K, reserved 1067008K
  class space    used 2160K, capacity 2293K, committed 2304K, reserved 1048576K
Event: 30.184 GC heap after
Heap after GC invocations=26 (full 0):
 PSYoungGen      total 235008K, used 40822K [0x00000000d5a00000, 0x00000000e7e80000, 0x0000000100000000)
  eden space 188928K, 0% used [0x00000000d5a00000,0x00000000d5a00000,0x00000000e1280000)
  from space 46080K, 88% used [0x00000000e4580000,0x00000000e6d5d830,0x00000000e7280000)
  to   space 52224K, 0% used [0x00000000e1280000,0x00000000e1280000,0x00000000e4580000)
 ParOldGen       total 87552K, used 39582K [0x0000000080e00000, 0x0000000086380000, 0x00000000d5a00000)
  object space 87552K, 45% used [0x0000000080e00000,0x00000000834a7948,0x0000000086380000)
 Metaspace       used 19423K, capacity 19860K, committed 19968K, reserved 1067008K
  class space    used 2160K, capacity 2293K, committed 2304K, reserved 1048576K
}
Event: 30.949 GC heap before
{Heap before GC invocations=27 (full 0):
 PSYoungGen      total 235008K, used 229750K [0x00000000d5a00000, 0x00000000e7e80000, 0x0000000100000000)
  eden space 188928K, 100% used [0x00000000d5a00000,0x00000000e1280000,0x00000000e1280000)
  from space 46080K, 88% used [0x00000000e4580000,0x00000000e6d5d830,0x00000000e7280000)
  to   space 52224K, 0% used [0x00000000e1280000,0x00000000e1280000,0x00000000e4580000)
 ParOldGen       total 87552K, used 39586K [0x0000000080e00000, 0x0000000086380000, 0x00000000d5a00000)
  object space 87552K, 45% used [0x0000000080e00000,0x00000000834a8b08,0x0000000086380000)
 Metaspace       used 19426K, capacity 19860K, committed 19968K, reserved 1067008K
  class space    used 2160K, capacity 2293K, committed 2304K, reserved 1048576K
Event: 31.004 GC heap after
Heap after GC invocations=27 (full 0):
 PSYoungGen      total 241152K, used 52207K [0x00000000d5a00000, 0x00000000ec500000, 0x0000000100000000)
  eden space 188928K, 0% used [0x00000000d5a00000,0x00000000d5a00000,0x00000000e1280000)
  from space 52224K, 99% used [0x00000000e1280000,0x00000000e457bd80,0x00000000e4580000)
  to   space 62976K, 0% used [0x00000000e8780000,0x00000000e8780000,0x00000000ec500000)
 ParOldGen       total 87552K, used 44881K [0x0000000080e00000, 0x0000000086380000, 0x00000000d5a00000)
  object space 87552K, 51% used [0x0000000080e00000,0x00000000839d4598,0x0000000086380000)
 Metaspace       used 19426K, capacity 19860K, committed 19968K, reserved 1067008K
  class space    used 2160K, capacity 2293K, committed 2304K, reserved 1048576K
}
Event: 31.687 GC heap before
{Heap before GC invocations=28 (full 0):
 PSYoungGen      total 241152K, used 241135K [0x00000000d5a00000, 0x00000000ec500000, 0x0000000100000000)
  eden space 188928K, 100% used [0x00000000d5a00000,0x00000000e1280000,0x00000000e1280000)
  from space 52224K, 99% used [0x00000000e1280000,0x00000000e457bd80,0x00000000e4580000)
  to   space 62976K, 0% used [0x00000000e8780000,0x00000000e8780000,0x00000000ec500000)
 ParOldGen       total 87552K, used 44881K [0x0000000080e00000, 0x0000000086380000, 0x00000000d5a00000)
  object space 87552K, 51% used [0x0000000080e00000,0x00000000839d4598,0x0000000086380000)
 Metaspace       used 19435K, capacity 19860K, committed 19968K, reserved 1067008K
  class space    used 2160K, capacity 2293K, committed 2304K, reserved 1048576K
Event: 31.745 GC heap after
Heap after GC invocations=28 (full 0):
 PSYoungGen      total 304640K, used 44672K [0x00000000d5a00000, 0x00000000ecd00000, 0x0000000100000000)
  eden space 241664K, 0% used [0x00000000d5a00000,0x00000000d5a00000,0x00000000e4600000)
  from space 62976K, 70% used [0x00000000e8780000,0x00000000eb320348,0x00000000ec500000)
  to   space 67072K, 0% used [0x00000000e4600000,0x00000000e4600000,0x00000000e8780000)
 ParOldGen       total 87552K, used 47169K [0x0000000080e00000, 0x0000000086380000, 0x00000000d5a00000)
  object space 87552K, 53% used [0x0000000080e00000,0x0000000083c105a8,0x0000000086380000)
 Metaspace       used 19435K, capacity 19860K, committed 19968K, reserved 1067008K
  class space    used 2160K, capacity 2293K, committed 2304K, reserved 1048576K
}

