# JRE version: OpenJDK Runtime Environment (8.0_76-b03) (build 1.8.0_76-release-b03)
# Java VM: OpenJDK 64-Bit Server VM (25.76-b03 mixed mode windows-amd64 compressed oops)
Heap:
 PSYoungGen      total 301056K, used 282708K [0x00000000d5a00000, 0x00000000ec700000, 0x0000000100000000)
  eden space 239104K, 100% used [0x00000000d5a00000,0x00000000e4380000,0x00000000e4380000)
  from space 61952K, 70% used [0x00000000e8380000,0x00000000eae15188,0x00000000ec000000)
  to   space 65536K, 6% used [0x00000000e4380000,0x00000000e476c030,0x00000000e8380000)
 ParOldGen       total 87552K, used 45715K [0x0000000080e00000, 0x0000000086380000, 0x00000000d5a00000)
  object space 87552K, 52% used [0x0000000080e00000,0x0000000083aa4d50,0x0000000086380000)
 Metaspace       used 19408K, capacity 19860K, committed 19968K, reserved 1067008K
  class space    used 2160K, capacity 2293K, committed 2304K, reserved 1048576K
GC Heap History (10 events):
Event: 23.651 GC heap after
Heap after GC invocations=24 (full 0):
 PSYoungGen      total 181760K, used 29142K [0x00000000d5a00000, 0x00000000e3900000, 0x0000000100000000)
  eden space 147456K, 0% used [0x00000000d5a00000,0x00000000d5a00000,0x00000000dea00000)
  from space 34304K, 84% used [0x00000000e0f80000,0x00000000e2bf5840,0x00000000e3100000)
  to   space 38400K, 0% used [0x00000000dea00000,0x00000000dea00000,0x00000000e0f80000)
 ParOldGen       total 87552K, used 32307K [0x0000000080e00000, 0x0000000086380000, 0x00000000d5a00000)
  object space 87552K, 36% used [0x0000000080e00000,0x0000000082d8cda8,0x0000000086380000)
 Metaspace       used 19370K, capacity 19796K, committed 19968K, reserved 1067008K
  class space    used 2160K, capacity 2293K, committed 2304K, reserved 1048576K
}
Event: 24.558 GC heap before
{Heap before GC invocations=25 (full 0):
 PSYoungGen      total 181760K, used 176598K [0x00000000d5a00000, 0x00000000e3900000, 0x0000000100000000)
  eden space 147456K, 100% used [0x00000000d5a00000,0x00000000dea00000,0x00000000dea00000)
  from space 34304K, 84% used [0x00000000e0f80000,0x00000000e2bf5840,0x00000000e3100000)
  to   space 38400K, 0% used [0x00000000dea00000,0x00000000dea00000,0x00000000e0f80000)
 ParOldGen       total 87552K, used 32312K [0x0000000080e00000, 0x0000000086380000, 0x00000000d5a00000)
  object space 87552K, 36% used [0x0000000080e00000,0x0000000082d8e288,0x0000000086380000)
 Metaspace       used 19392K, capacity 19860K, committed 19968K, reserved 1067008K
  class space    used 2160K, capacity 2293K, committed 2304K, reserved 1048576K
Event: 24.604 GC heap after
Heap after GC invocations=25 (full 0):
 PSYoungGen      total 185856K, used 38374K [0x00000000d5a00000, 0x00000000e6f80000, 0x0000000100000000)
  eden space 147456K, 0% used [0x00000000d5a00000,0x00000000d5a00000,0x00000000dea00000)
  from space 38400K, 99% used [0x00000000dea00000,0x00000000e0f79810,0x00000000e0f80000)
  to   space 46080K, 0% used [0x00000000e4280000,0x00000000e4280000,0x00000000e6f80000)
 ParOldGen       total 87552K, used 36289K [0x0000000080e00000, 0x0000000086380000, 0x00000000d5a00000)
  object space 87552K, 41% used [0x0000000080e00000,0x0000000083170568,0x0000000086380000)
 Metaspace       used 19392K, capacity 19860K, committed 19968K, reserved 1067008K
  class space    used 2160K, capacity 2293K, committed 2304K, reserved 1048576K
}
Event: 25.315 GC heap before
{Heap before GC invocations=26 (full 0):
 PSYoungGen      total 185856K, used 185830K [0x00000000d5a00000, 0x00000000e6f80000, 0x0000000100000000)
  eden space 147456K, 100% used [0x00000000d5a00000,0x00000000dea00000,0x00000000dea00000)
  from space 38400K, 99% used [0x00000000dea00000,0x00000000e0f79810,0x00000000e0f80000)
  to   space 46080K, 0% used [0x00000000e4280000,0x00000000e4280000,0x00000000e6f80000)
 ParOldGen       total 87552K, used 36289K [0x0000000080e00000, 0x0000000086380000, 0x00000000d5a00000)
  object space 87552K, 41% used [0x0000000080e00000,0x0000000083170568,0x0000000086380000)
 Metaspace       used 19392K, capacity 19860K, committed 19968K, reserved 1067008K
  class space    used 2160K, capacity 2293K, committed 2304K, reserved 1048576K
Event: 25.362 GC heap after
Heap after GC invocations=26 (full 0):
 PSYoungGen      total 232448K, used 40372K [0x00000000d5a00000, 0x00000000e7a80000, 0x0000000100000000)
  eden space 186368K, 0% used [0x00000000d5a00000,0x00000000d5a00000,0x00000000e1000000)
  from space 46080K, 87% used [0x00000000e4280000,0x00000000e69ed020,0x00000000e6f80000)
  to   space 51712K, 0% used [0x00000000e1000000,0x00000000e1000000,0x00000000e4280000)
 ParOldGen       total 87552K, used 38549K [0x0000000080e00000, 0x0000000086380000, 0x00000000d5a00000)
  object space 87552K, 44% used [0x0000000080e00000,0x00000000833a55b8,0x0000000086380000)
 Metaspace       used 19392K, capacity 19860K, committed 19968K, reserved 1067008K
  class space    used 2160K, capacity 2293K, committed 2304K, reserved 1048576K
}
Event: 26.143 GC heap before
{Heap before GC invocations=27 (full 0):
 PSYoungGen      total 232448K, used 226740K [0x00000000d5a00000, 0x00000000e7a80000, 0x0000000100000000)
  eden space 186368K, 100% used [0x00000000d5a00000,0x00000000e1000000,0x00000000e1000000)
  from space 46080K, 87% used [0x00000000e4280000,0x00000000e69ed020,0x00000000e6f80000)
  to   space 51712K, 0% used [0x00000000e1000000,0x00000000e1000000,0x00000000e4280000)
 ParOldGen       total 87552K, used 38549K [0x0000000080e00000, 0x0000000086380000, 0x00000000d5a00000)
  object space 87552K, 44% used [0x0000000080e00000,0x00000000833a55b8,0x0000000086380000)
 Metaspace       used 19401K, capacity 19860K, committed 19968K, reserved 1067008K
  class space    used 2160K, capacity 2293K, committed 2304K, reserved 1048576K
Event: 26.199 GC heap after
Heap after GC invocations=27 (full 0):
 PSYoungGen      total 238080K, used 51699K [0x00000000d5a00000, 0x00000000ec000000, 0x0000000100000000)
  eden space 186368K, 0% used [0x00000000d5a00000,0x00000000d5a00000,0x00000000e1000000)
  from space 51712K, 99% used [0x00000000e1000000,0x00000000e427cd50,0x00000000e4280000)
  to   space 61952K, 0% used [0x00000000e8380000,0x00000000e8380000,0x00000000ec000000)
 ParOldGen       total 87552K, used 41851K [0x0000000080e00000, 0x0000000086380000, 0x00000000d5a00000)
  object space 87552K, 47% used [0x0000000080e00000,0x00000000836decf0,0x0000000086380000)
 Metaspace       used 19401K, capacity 19860K, committed 19968K, reserved 1067008K
  class space    used 2160K, capacity 2293K, committed 2304K, reserved 1048576K
}
Event: 26.883 GC heap before
{Heap before GC invocations=28 (full 0):
 PSYoungGen      total 238080K, used 238067K [0x00000000d5a00000, 0x00000000ec000000, 0x0000000100000000)
  eden space 186368K, 100% used [0x00000000d5a00000,0x00000000e1000000,0x00000000e1000000)
  from space 51712K, 99% used [0x00000000e1000000,0x00000000e427cd50,0x00000000e4280000)
  to   space 61952K, 0% used [0x00000000e8380000,0x00000000e8380000,0x00000000ec000000)
 ParOldGen       total 87552K, used 41891K [0x0000000080e00000, 0x0000000086380000, 0x00000000d5a00000)
  object space 87552K, 47% used [0x0000000080e00000,0x00000000836e8fe0,0x0000000086380000)
 Metaspace       used 19406K, capacity 19860K, committed 19968K, reserved 1067008K
  class space    used 2160K, capacity 2293K, committed 2304K, reserved 1048576K
Event: 26.944 GC heap after
Heap after GC invocations=28 (full 0):
 PSYoungGen      total 301056K, used 43604K [0x00000000d5a00000, 0x00000000ec700000, 0x0000000100000000)
  eden space 239104K, 0% used [0x00000000d5a00000,0x00000000d5a00000,0x00000000e4380000)
  from space 61952K, 70% used [0x00000000e8380000,0x00000000eae15188,0x00000000ec000000)
  to   space 65536K, 0% used [0x00000000e4380000,0x00000000e4380000,0x00000000e8380000)
 ParOldGen       total 87552K, used 44091K [0x0000000080e00000, 0x0000000086380000, 0x00000000d5a00000)
  object space 87552K, 50% used [0x0000000080e00000,0x000000008390eff0,0x0000000086380000)
 Metaspace       used 19406K, capacity 19860K, committed 19968K, reserved 1067008K
  class space    used 2160K, capacity 2293K, committed 2304K, reserved 1048576K
}
Event: 27.929 GC heap before
{Heap before GC invocations=29 (full 0):
 PSYoungGen      total 301056K, used 282708K [0x00000000d5a00000, 0x00000000ec700000, 0x0000000100000000)
  eden space 239104K, 100% used [0x00000000d5a00000,0x00000000e4380000,0x00000000e4380000)
  from space 61952K, 70% used [0x00000000e8380000,0x00000000eae15188,0x00000000ec000000)
  to   space 65536K, 0% used [0x00000000e4380000,0x00000000e4380000,0x00000000e8380000)
 ParOldGen       total 87552K, used 44099K [0x0000000080e00000, 0x0000000086380000, 0x00000000d5a00000)
  object space 87552K, 50% used [0x0000000080e00000,0x0000000083910d50,0x0000000086380000)
 Metaspace       used 19408K, capacity 19860K, committed 19968K, reserved 1067008K
  class space    used 2160K, capacity 2293K, committed 2304K, reserved 1048576K

